<?xml version="1.0" encoding="UTF-8"?>
<!-- Generated by org.testng.reporters.JUnitReportReporter -->
<testsuite hostname="DNV" name="com.actitime.test.CreateCustomer" tests="1" failures="0" timestamp="11 Jul 2019 17:16:11 GMT" time="32.210" errors="0">
  <testcase name="ceraateCustomerTest" time="32.210" classname="com.actitime.test.CreateCustomer"/>
</testsuite> <!-- com.actitime.test.CreateCustomer -->
